<?xml version="1.0" encoding="UTF-8"?>
<!-- Generated by org.testng.reporters.JUnitXMLReporter -->
<testsuite ignored="0" hostname="DESKTOP-L3LS371" failures="0" tests="5" name="Test" time="36.506" errors="0" timestamp="2024-04-05T02:34:53 IST">
  <testcase classname="homepageflip.Itemorder" name="login" time="9.133"/>
  <testcase classname="homepageflip.Itemorder" name="searchitem" time="3.965"/>
  <testcase classname="homepageflip.Itemorder" name="addtocarttest" time="5.982"/>
  <testcase classname="homepageflip.Itemorder" name="additemtocart" time="4.267"/>
  <testcase classname="homepageflip.Itemorder" name="cashondelivery" time="3.657"/>
</testsuite> <!-- Test -->
